<?xml version="1.0" encoding="UTF-8"?>
<wine xmlns="http://www.vinoxml.org/XMLschema">
  <name>Goldwater Eslin</name>
  <additionalname>Merlot</additionalname>
  <variety/>
  <vintage>
    <year>2002</year>
    <bottle>
      <size>750ml</size>
      <price>
        <pricetype>lastpurchasePrice</pricetype>
        <currencycode>EUR</currencycode>
        <pricevalue>25.00</pricevalue>
      </price>
      <apogee>
        <firstyear>2005</firstyear>
        <bestyear>2005</bestyear>
        <pastyear>2012</pastyear>
      </apogee>
      <sealtype>cork</sealtype>
      <tasting>
        <tastedby>Wine Spectator</tastedby>
        <tastedon>2000-11-15</tastedon>
        <points>90.0</points>
        <notes>Supple and generous, a remarkably graceful wine that frames it's berry, spice, peppermint and chocolate flavours with elegance, letting the flavours ring true on the lengthy finish. Tannins are fine and beautifully integrated. Drink now through 2009.</notes>
      </tasting>
      <tasting>
        <tastedby>Winemaker</tastedby>
        <tastedon>2006-04-22</tastedon>
        <points>0.0</points>
        <notes>Vinification
Hand picked, crushed, destemmed and fermented in stainless steel after a short cold maceration, then aged in seasoned French oak for 16 months.

Appearance
Bright crimson/ruby

Bouquet
Intensily rich with floral, chocolate box and saddle tones showing through.

Palate
Fine and smooth even at a young age with fine ripe tannins.  Broad in the mouth with excellent lenght, this is a very elegant wine.  Consistent with prior vintages, the Esslin is supple and generous, with enough concentration and tanning structure to age gracefully for a number of years.

Serving temperature
At around 18Â°

Food Accompaniments
Will handsomely accompany most foods but best with red meat dishes and pasta.</notes>
      </tasting>
      <tastingextended>
        <tastingsystem>100 - Matzner, Zapfen ab</tastingsystem>
        <description>Just us</description>
        <tastedon>2006-01-20</tastedon>
        <firstimpression>
          <points>18.0</points>
        </firstimpression>
        <sight>
          <points>5.0</points>
        </sight>
        <smell>
          <points>23.0</points>
        </smell>
        <taste>
          <points>28.0</points>
        </taste>
        <finish>
          <points>18.0</points>
        </finish>
        <overall>
          <points>0.0</points>
        </overall>
        <adjustmentpoints>0.0</adjustmentpoints>
      </tastingextended>
      <purchases>
        <date>2002-09-25</date>
        <quantity>6</quantity>
        <unitprice>
          <pricetype>lastpurchasePrice</pricetype>
          <currencycode>EUR</currencycode>
          <pricevalue>25.00</pricevalue>
        </unitprice>
      </purchases>
      <consumptions>
        <date>2003-09-25</date>
        <quantity>1</quantity>
        <unitprice>
          <pricetype>lastpurchasePrice</pricetype>
          <currencycode>EUR</currencycode>
          <pricevalue>0.00</pricevalue>
        </unitprice>
      </consumptions>
      <refcode/>
    </bottle>
    <alcohol>12.5</alcohol>
    <sugar>0.0</sugar>
    <acidity>5.6</acidity>
    <servingtemperature>18.0</servingtemperature>
    <bottlelabel>
      <imageembedded>
        <imagefilename>GoldWaterEsslin2002.jpg</imagefilename>
        <imageformat>JPEG</imageformat>
        <imagemode>RGB</imagemode>
        <imagesize>(256, 920)</imagesize>
        <imagedata>/9j/4AAQSkZJRgABAQEASABIAAD/2wBDAAUDBAQEAwUEBAQFBQUGBwwIBwcHBw8LCwkMEQ8SEhEPERETFhwXExQaFRERGCEYGh0dHx8fExciJCIeJBweHx7/2wBDAQUFBQcGBw4ICA4eFBEUHh4eHh4eHh4eHh4eHh4eHh4eHh4eHh4eHh4eHh4eHh4eHh4eHh4eHh4eHh4eHh4eHh7/wAARCAOYAQADASIAAhEBAxEB/8QAHwAAAQUBAQEBAQEAAAAAAAAAAAECAwQFBgcICQoL/8QAtRAAAgEDAwIEAwUFBAQAAAF9AQIDAAQRBRIhMUEGE1FhByJxFDKBkaEII0KxwRVS0fAkM2JyggkKFhcYGRolJicoKSo0NTY3ODk6Q0RFRkdISUpTVFVWV1hZWmNkZWZnaGlqc3R1dnd4eXqDhIWGh4iJipKTlJWWl5iZmqKjpKWmp6ipqrKztLW2t7i5usLDxMXGx8jJytLT1NXW19jZ2uHi4+Tl5ufo6erx8vP09fb3+Pn6/8QAHwEAAwEBAQEBAQEBAQAAAAAAAAECAwQFBgcICQoL/8QAtREAAgECBAQDBAcFBAQAAQJ3AAECAxEEBSExBhJBUQdhcRMiMoEIFEKRobHBCSMzUvAVYnLRChYkNOEl8RcYGRomJygpKjU2Nzg5OkNERUZHSElKU1RVVldYWVpjZGVmZ2hpanN0dXZ3eHl6goOEhYaHiImKkpOUlZaXmJmaoqOkpaanqKmqsrO0tba3uLm6wsPExcbHyMnK0tPU1dbX2Nna4uPk5ebn6Onq8vP09fb3+Pn6/9oADAMBAAIRAxEAPwD7LooooAKKKKACiiigAooooAKKKKACiiigAooooAKKKKACiiigAooooAKKKKACiiigAooooAKKKKACiiigAooooAKKKKACiiigAooooAKKKKACiiigANYXinxVoPhe3hn13UEs1uJPLhBRneRuuAqgscdzjArdr5b+PuqT6l8XJLV5Z
BbaXbpFEsfBO5dznnoctjPoKyrTcI3RcI8zses6j8bPA1mSBNqFxg4JitG/9mxWRN+0R4Jj3f8AEu19wD1FtHz+cgr5z1e/k27OCBwMZIA7DkZrnLu4csfmx+FcscTNmkqaR9RzftKeDAP3WieIpPrDCv8A7VqJv2lvCfG3w/r5+qwj/wBqV8pu5JyWpvmf7VX7Sb6kWSPrO0/aR8JTzJEdC19XZsDEcJGPX/WV3Gj/ABJ0TU0RorPUYg4yPMSP/wBlc18NWkxjnWRSMrz1r1TwN4nnCom05XAJ9aiVepEtQiz6ui8SaS67nuVhHYykLn6c81S1Lx34W0x1XUdU+yhiAHlgkVD/AMD27f1riPDk0V/EhuLRHBGcOobH0rU8WeEtH8Q6M9veG8VUQlES4O1f+A9BXP8AXpp6l/V09jvtOvbTUbRLyxuoLq3kzsmgkDo2Dg4YcHkEfhVuvmv9nnxFqWj/ABFl8ECc3Gl3IldFYH91Iilsr6Agc+9fSlelSqe0jcwnDkdgooorUgKKKKACiiigAooooAKKKKACiiigAooooAKKKKACiiigAooooASvj74o6tbzfFrW5M7t8xiDYOAFJUfyr6m8davJoHhLUtWiQPLbQ7kU9CxIA/U18cSjzGlnudstxIS0kjDlm9a48VLZG9Fa3KGr2yjJN1GeeAK5u9VQxCnd71pai3ONq5FZNw5JOcfhXLT3LmVWJpoznkUMTmkUtnriugyuaGl26XG9WkjjOOC3tzXp/wALdAN3MkxlBjBO9lHBwMD+VeTwORIOVJGeoNd54Pv3SRIvJtShwD+6/r1rCaNYM+idBNvYR7ZpkQKBw5x/OtDXvHHh7TNNkWW6jnk2lRDFMnOR65965DwfBYzKpl0+1bPqpI/InH6V6DZaNo9xbhP7MsYwwPK2cOR+aGuKSSepur2PCvgnMt18d7K9jkUJM1ztXOePIbjP+e9fV3evkr4g2y/
D74gWuo+H7iR54ZFlCzqgUNnOMIoGCCw4Hfn1r6k8Pah/a2g6fqgiMP2y1iuPLJyU3oGxnvjNevg5Jwsclde9c0aKKK6zEKKKKACiiigAooooAKKKKACiiigAooooAKKKKACiiigAooooA4b45zGL4a6iB/y0aJD9PMUn+VfKLsTEfXHNfU/x/cp8NbzAzuliX/x6vleQnyioU+1efifjOmitDB1DO459KyJvvGta96n61kyn5zWUNBzKx60nf8Kc3JyKaPvfhWtzFksOS2Mda6/wnkTr6A1yMH3h9a67wsyiQKTjkVnM1ge8eCW+RPpXqGjn5FHevK/AzKVQBgeK9U0f7qnjg+tcNVI6Y7Hz/wDtERt/wlIkI+UBTn6V9EfDKQyfDvw4zDB/su3B/CNRXg37QlqZvEMIUZ3LliD0H+RXuXwllM3w28PueosY0/75G3+lehgZX08jnxGup1VFFFekcoUUUUAFFFFABRRRQAUUUUAFFFFABRRRQAUUUUAFFFFABRRRQBxvxi0W817wHe2WnkfaUKzop/j2HJX8q+OLq8lSR40ijPc5J4zX3x2r4n8b2UFl441y1hjAjh1CdFX0AkauHFxs0zoovdHGXBkcE7APXBrPm4PIrdvo1AOB1rDucgnNc8CpornJ5I4pCi5zntSPyOtJkevatUZPQlQYIxyM/rWzpV5fW8g+zLGT/tDNYsGc4JyM8ius8JRA3a7rd5AB0DD1+tRM0geieC9U8UKq+VFayDsrIQK7yfxj450e08+Lwja3yDktGz8D6AUvgIK0cQFoVJAHUf416LKVj0uc7ShCEHGDn9a46kknY6Ynzd4p8cav4jlme/0O2tJMgBQHJzyuORnuPzr6d+Gmk3WheBNI0q+ZPtMFuBKE6KxJYr+GcfhXgKQw3XxJ0S3MeYX1O33LjAJ8xSc/hX1CK9LBRVmzlrvoLRRRXcc4UUUUAFFFFABRRRQAUUUUAFFFFABRRRQAUUUUAFFFFABRRRQAlfGHxFP/ABcXxH/
2FLn/ANGNX2fXxf8AEQH/AIWL4k/7CtyP/Ihrkxfwo1o7s5O/6Z96wrwEs31rd1HhSD61h3RG41yQ3NpFNulNH9Ke33aj9PpWyMXuSxZDV23gkN9pBLADGP1riY+prtfBZX7QMjJJGKzmaU9z6E8DIRbxZ6gjBr0CaISaZPH6oTmuA8DkeSg6DHH516FFltPlPpGQfyrhqbnTE8IsGEfxU0IPgE6lCAOv8YAP519PCvlWdxB8WdClkcKq6nbluegEoJr6qFerg/hZyYj4gooortMAooooAKKKKACiiigAooooAKKKKACiiigAooooAKKKKACiiigBK+MfG0gn+I/igHpHqt0v/kVq+zq+KvEhDePvGEgbIbWbsg/9tmrkxWyNqO7OY1TgsDWDd9a3NUOWasO5+9iuSG5rIrP0FR+n0p7ntTRWqMXuSxdcetdf4OYC5Q54BFcfD94H3rq/CJ/fqB6iomXT3PorwO2Yo/p/WvSLU5tHzzhCcV5j4E+aJGB4xXptmpazP0HPqM1wVdzqjsfL+vSEfFWyeRiQt9EQM4xhxX2NXxn412r8TAMEBbtTn0+cV9mV62C+FnHX+IWiiiu0xCiiigAooooAKKKKACiiigAooooAKKKKACiiigAooooAKKKKAEr4gvJfP8Q+I7nOVl1O5YH1zKxr7fr4VsnL/wBoSHq9zKx+u45rkxWyNqO7MrUv9YfasS5/1hra1AguxHpWNc/erkhuayKj9aSlYimitDF7kkX9a6vwecXKjHeuUiHWuq8I/wDHyp9xUzLhufQHgB/3Sj2/rXqenHNqQP7orynwCcImfT+teraVzbcf3R/OuKrudSPlrx8uz4lMSMf6QD/49/8AWr7KWvjT4mn/AIr6b5uBMT9PT9TX2WvSvUwezOSvuLRRRXaYBRRRQAUUUUAFFFFABRRRQAUUUUAFFFFABRRRQAUUUUAFFFFAAa+ENJfzLOaX/npK7fma+5NWdotLupI/vpA7L9Qpr4X0D/kEIfXJ/
lXFi3sjeh1M+96n6VkXP3q17777Vj3PLcelcsC5uxUI5pOtOb0pq9K3RkSxcn8a6jwnxOufWuWh+8D711PhX/Xqfes5l09z33wHzGhH+eTXqukEeQR32j+deUeAj+7X2/xNeq6P/qx/uj+dcFbc6lsfLnxVVk8b3JxzvY9fpivseyfzLSGQ9WjVvzFfHfxaB/4Tq5GOrMB9a+wNIIbS7RgcgwIR/wB8ivUwTujlr7lqiiiu85wooooAKKKKACiiigAooooAKKKKACiiigAooooAKKKKACiiigDH8azG28Ga3cKfmi064cfURsa+JdCGNIiB/u/0FfZ/xQZk+Gvihl+8NHuyPr5L18Z6SMaYmOmK4cY9joodTLv/AL7Vjzda2NQ/1h+lY8p5rngXMqyff/CkAJ7Usn3/AMKVfu1rcxYsQI/Ouo8J5+0L6Z/rXML96um8Jt/pSj3qJl09z33wFymBzXqukY8sZ54GPavLfAQXy1Oe39a9Q0gkLz6DH0rgrbnVHY+Y/i3x49ucn5sk/jX1z4dbfoGnP/etYj/44K+UvjhAIvGk0gPU9Pwr6m8HMH8JaO68hrGAj/v2tengdjmxC1NaiiivQOYKKKKACiiigAooooAKKKKACiiigAooooAKKKKACiiigAooooA5n4rMF+GXihicY0i6/wDRTV8aadxpkeePl5r69+OM5g+EfieRep0+RP8Avr5f618h2Yxp6AdxxXBi/iR0UdjKvT8zVkXHWta+IDnPesq4OTWECplV+uaVfu0MCRQvQ/WtDIcv3q6LwoT9tGPUVzq/erovCuBcr65qZFQ3PoPwD/ql9SP616hpTHYMDjAGfevLPAOfLQ+39a9S0g/uhn1B/pXBVep2R2Pnf48Z/wCEzJ7nH4cf/qr6c8DknwVoZJyTp1uc/wDbNa+Zvj0jDxh05O3v7D/CvpjwCQfAugEdDplt/
wCilr0sCc2JNuiiivROUKKKKACiiigAooooAKKKKACiiigAooooAKKKKACiiigAooooA4T4/OI/g74lJ72m383Uf1r5Ksv+QdH3AWvq79owsPgx4i2jJ8qIfh50ea+ULNl+wKueRkdPevPxfxI6KGzMm/8Av/Ssqb7xrUvmBZsH26VlykbqxgVPYgPQ/Wmqeo96c3HX60wda0MiVPvV0Xhcf6ShPrXOpyRXReGNv2hcgfe7nFTIuG59A+A/9Uh7Y/rXp+k8xr9B/OvMPALRfZo/3kYyMj5h6mvUNHB9OBya4Ku51xeh4F8fNp8UD5clyuDX0d8Pf+RC8P8AGP8AiV23/opa+cvj6NvipM4+UjPPTjP9a+jPh2c/D/w8T/0C7b/0UtelgjlxBvUUUV6JzBRRRQAUUUUAFFFFABRRRQAUUUUAFFFFABRRRQAUUUUAFFFFAHnn7RzmP4LeIyBnMUS/nNGP618oaef+JbHg9j+P+Rivq79pDn4K+IR6pAB/3/jr5Q04/wDErjPbB/nXBi9ZI6KOxk3x+c96y5OpNad7/rDWZJ3rCBUyu5zTfxpT1oraxFgXqOa3vDcjC7jBdgobgbuOR9KwR1FbXh4/6Un1FRIqKsz6A8ARQvaqJIYpCAMb1J/r/SvWtEtbZwga2t2XHeJT6f8A168l+HpJgXH+ea9e0An5VPcE/wBK8+q9TqS90+XvjUDB8TL2KPbHGLp4lRRgAcHgdBX1n8P/APkRfD//AGDLb/0UtfKnx7yvxQvWIx/pnI9MouPz619SfDJi/wAPfD5PX+zoR+SAV6eD0dvI5Kz0R0dFFFegc4UUUUAFFFFABRRRQAUUUUAFFFFABRRRQAUUUUAFFFFABRRRQB5r+0y+z4Ma0Npbe9svX/p4jr5XsRjSoR6px/Ovpr9qyZovhDdKv/LS8gU/g+7/ANlr5ngIGm2/b5Bj8q87FfGdNHYxr377VlSEDINal7/rG+tZU33/AMKygVIgPWig9aK2IAdRW54cX/
Sl9cisRev41v8AhsZulPuKiY47nvXw64hA9R/WvXdBBJUeo4/OvI/h9gRoe2P6163oZ5THrXn1ep1LY+cv2jgB8T7kkbQ00TD3HlJX0t8K33/DnQG/6cYx+QxXzZ+0qu34nSNnK74Gx/2yTj9K+ivgySfhfoBPX7N/7Ma9LBb38jkqrRHYUUUV6JzhRRRQAUUUUAFFFFABRRRQAUUUUAFFFFABRRRQAUUUUAFFFFAHjX7XrlfhbbIDgyatAuPX5ZD/AEr5zyPsUP8AuD+Ve6/tlX+zw74e0sN/x8X0k5H/AFzjIB/N68OuUKwRqOQFAH0xXm4p/vDqo/CYV599vrWTN9+te8+81ZEoO41nAciAkDrSjrSP6ZoXpWxAqnmuj8KqWvFGO9c4vJrrfBtu73ivg4yKzmVHc9w8FxtHApx17fjXrOg5yjEY5rzjwXbMbdQVPTivTtEjIjXjuK4au50R+E+cv2nV2/EbcRgMsBz/AMAx/SvoD4HPv+FWhk9RHIPylcV4P+1XD5fi8XB+bMMBAz0xuB/p+dezfs5Xq3fwssoxgm1nmhP4uX/k4r0ME9jlq7I9IFFFFekc4UUUUAFFFFABRRRQAUUUUAFFFFABRRRQAUUUUAFFFFABRxQeleefHPxwvgrwbPJayKNXvVMFiME7GI5kPso59yAKmUlFXY0rnz9+0n4ng8SfE2S2tJN9npUYs0cH5XkyWkYfQtt99mRkEGufZd1sjucllz9K4xnC3Adju2tnLNyx68+9dnp15b3togWRBIBtKZ5FeZU953OqC5UYGox4dsdMViz8E11HiCIwRK2xgScZxXNXGCxHelHQmbKRxShQe9P2GgqQenatUZ3JtNtTcXccO7bubnNe3eA/DVtEqdHJGQfXmvD4naJxIvVeR9a7jwt8QrrS9sV1C00Q6FTyKynfoaQfc+ldCgit1VAoBA6V2NjcQxqpIwM9TxXzUnxntoUGzTJ3YdNzACqeo/
GjV7iB0t7eK0BA5DFmPNczpSkzbnjazLH7Tmpw6h4oKxMp8nYuQc7gBk/keK7L9k/xDFFJc+Hp3K/bIxc2wJ43oMOo99uD9BXz3r+rS6vdtczl2Yscsepya3vCGo3mjy2mo2UnlXVtKJIm7qQev4jg+1dVP91ZmUlz7H3dkUVzHw/8XWPi/Qkv7QhJ0Oy6tyfmif8Aqp6g+nuCB046V6cZKSujmasFFFFUIKKKKACiiigAooooAKKKKACiiigAooooAKDRXz78afjgtm9xoPgy5QzITHc6mF3KnUMsPqw/vH5fQkjiJzUFdjSb2PRfid8UfDngeAw3EovdVYfurGFhu57ueiD68+gNfJnj7xdqPi7X31XVpd0zjZHjISJMnCIP7oz17kk1zt1ez3c7zzSyvNK26WV23uxPUsx5NVlieU4jQ57gLXFUm6j12N4Rsb1nbadZwie/8mUMvC7txA6du9Y900L3LPaoY0PTkirNloN/ckMUWJPVuCfwNXbnRLe0tnkuLhsgcAdzWeho7mM087LtM8pUH7u4kfrTMsecfrSkYHBJHvQvSqsZSI5WYdOKh8xz/FirLAHg4qIxJnrmhMkYjtuAPNTDBGCKRUVegpaGwuJ5aFuT+NWYbe1OMy/zqo4PUHFRgkHnOfrRZsafc3raC2QYUK2e5IrQiZFIBxk1yiSMpyNwPrmrEN7OmPmJAqHBmkZI9K8IeKNT8M6wmpaPOI5xgSI/+rmT+4/fH05FfTPw7+IWj+MLZYo2+x6mFJktJG5OOrIejL+o7ivjC01ONiFkUg9zW7pV7Pb3EdzYXbRSxkMhUlWVgeqsOQf0qqdSVMJRU9j7o4oryL4Q/FSPW2i0TxC4j1FjtguduEn77Wx91x+R9c8V66K9CFRTV0c0ouLswoooqxBRRRQAUUUUAFFFFABRRRQAUcUdq+f/ANpX4omySXwX4eu2S5cbdTuY+sKkZ8pT/
eI+9joDjrnEykoq7Glcwvj98YJ9RuLrwr4XuZIrCMmK9vIyVa5PIaOM9k6Dd357cnwU46KO+Bxj9KWJHlZI4kwTwFHYV1OkaJHDtmn+d/T09q86pO7uzpjHSxmaXoEt0PMmJjT1yK6SwsrSxQCKMbsct61YdgibVAA/pVKabZnLcVi22WlYsXd0qx7nbIQZ5ri9WvpbycgN8gOQK0tVuDLHs3detY7si8KuAB+dVHcTZWYkE+/NMDUjuCTzTATWpjIkLc8Um8dzTQfWmt1ppCJNy+tLuHqaiBpycmm0CVx4IJAz1qRA3YcfSr2i6c15dLHtO1jya9CsfBUU8a/wgD0rNySNFA8yC7+D1p4sww+U5Neqy/DhpMeU6L65HWlHw6mtQDHlifTFRzl8jPJJLd1GOeO2KktrmW2YMrNgdQe1ek6l4Pu44i7xZA9AMiuU1TQZY8thvx601NdQ5H0JdK1FJ9quQCc55II9CPevoz4H/Eh75IfDXiC5L3R+Wyu2B/ff9M3PZh2PQjAzu4r5PkjltZQQSCD19a6DQtXDsscshEinKNyMEdCPcHp71ak4S5okySas9z73+tFea/Bbx4vibTBpmpTf8Ta1jBLN1nj6B/TcOhHXPPQivSq9CE1ON0c0ouLswoooqxBRRRQAUUUUAFFFRyypDG0srqiICzMxwFA6kmgDgfjd4+XwJ4Ree2w+r3pMOnoVyofHMjdtqjn3OBjrXxfLJNeXskssslzczuXeVzlpHY5LMfUk5rrvjB4xl8a+ObrV0J+xxE29ghBwIVJAbHqxLN9GA7VT8PacI4RcSopdvur6CvOr1W3odNOBZ0TTI7NVmkQNKRyT/DV+WUKDzSSPtGKpXE2O/FcrdzdJCzznByeKy7q6zkK36U29n3fdaqEzkDr2q0JsZPKzA5rPlc8ippXOCKqSEk1qkYyY3nBoFC5AOaMimZgSB1pMg0vB70Zx0GaaAQc9Klt1y2MYOaYp5BIxVi2UNMgPGDQ5aFR3PQvAFkGzI4yy+
1esaQmEACivP/BYKRIBxkc/nXoOlEjbk5rlerN3ob9pHuI4GK1ra0DghguO3FZVkxyK27RulZyHF6kcujxyBl2jkdxkGuO8W+ClniaaGMJIBxtHA4r0q3IYDjNW/s6upHHXuO1Zc7RofIviHQNrOBGUKNgjvn/PNcTdQSWswHPXg+lfVnxL8HefC9/aR/vUB3BcfMPWvBvEekADPl/N3xXRTqmUoX1RH4E8TXel6nbajaTeVe2sgdH55HdfcMOD7V9l+DtetPEvh621i04WZSGQ9Y3Bwyn8fzGD3r4HKyWV0CA2RyOeor3n9mvxotjro0e6kxaaoQq9fknHCk+zD5frjNddCfJLyZjUV15n01RRRXonOFFFFABRRRQAV5B+1H4tOgeBBottKUvNbZrckA5WADMpyPUEL/wI+lev18WftEeIn8RfFTUvKlaS300jT7YDgDYT5h9yZC4z6AdsVlWlaJdON2cf4fs/tNyruNsaAfp0H4DArqSwQYyAO30qrpFsLSxVdvznJY+5onkPr2ry5O52RQ2aQ5OazryYgde1S3Mp7His6Zyx9sVKXUG7ETMx5bpVeZuealdvl68VUlbk81stiGQytzx6VXz61JKT+lQnoa0SMpMGYdqQE/SkHSiqsSLn3NGfekoosAoPpVq1f98uBnB5qoCNwqaA4YketTJaDjuep+FbvEanPGK9C0a737DkYrx3wteYwN1eiaLdjK5rmaOhano1lICwOfrW1atyB3rkNLusr1rpbKbdtOayloUkdDaN0Fa9vyo9awbJ+c+lbVo3ArCSNOhaMSupDqCCCCD3FeK/FPwmtk73FomVc7yMfhivcI8Feaz/ABFpcOpae9u6g7hgHHTihS5TFS1sfGHiXTQ6koPmHzgfhyKxtAvXs70BCyM2HRgcbHByv616P4v0htN1ae0lU4QlgT3Feb67Zm0uy6N8pPHsfSu6k76Cmup9xfDPxIninwdZann9/t8q5HpKvDfnw30auor5s/
ZQ8T7NYutBnkwl9F5sS8nE0YO4e2U5/wCAivpOvSoy5o6nJJWYUUUVsSFFFFAGD481uPw54M1jXJMH7FaSTIpyNzhTtXjkZbAz718KaNE9zqcbTO0hX5pHc5LH1OepJ5/Hmvqj9rPUzZ/DBdOR8HU72OFwO8a5kb9UX86+aPC0I8ue4brIxA9vauLEy1sdFFdTZmfBYdPYVRnY8n+tTztzj04qjO/vXC0jpuVp3wvNVM/Kc+tPuGLNxULnAqraGcmRSsMVUckdamlaqsjVrElsjc5zTKWkPrWi0M2N5pMinGmN1ppki7hSg5plOTpTACPmz7VKhG046mo6ctAI19GuWikHJHPrXf6Je7guHP5mvMrV8Sgg10uj3e11yT9a55qxtFnr+jXeQBvz+JrrtOuMuo3HH1ryvQr0YHXrXc6Pd7imD2rGaNEz0CxlBB561uWUmNuTXH6dcE7eea6Kwlyoya55I1Wx0MDjPWrYwwwPrmsq2kJbrWhbtzz0rNGNSPU8g+P2gkJDq8KLkLtfCgZ59eteD6/ai4sZCoDFSSDj8e9fYfjbSk1fw3eWrKGcxEp9QK+TbyAxySQPyUfBH866acmgi+ZGD8N9afQ/FWn6gpf/AEadJyA5GQpBZeOxAIP1r7xjdZIxIhDIwBUjuDX57TJ9j1lhjhGyo9QeP5HNfcHwi1NtW+G2hXj8uLUQsc5yYyY8/jtz+Nenh37zXc5qiOtooorsMgooooA+cv2z7znwvYq3QXVww+gjVf8A0Jq8f0ePydLiGckjNei/tjzZ8d6PAW+WPSi2P96Vh/7JXntv8tlEv+wM+3FediH751UdhkzGqU54NWJ25qlcNxjNczNio5O6o5WpxPzc1FKQTxVIh7kEp6iqz1YlOTxVdvvGtYrQhsjHSkP3aUdKTtTIewUxwSeBT6KCSPa3pSqCB0p9FVcBvPpSr1paKLgSw8HIrTsJirLzWXEQAM1agfBGKzkrlxkdro12wOM13WhXrBly2BXlmlXG1uvFdno91k
jHPSs2ro1TPWNJuCQpzXTWE+QvNefaHdHZ1wK6/T5unPSuaasbRZ1tpPkjPWti1kyAc1zFlLyMmt6ydTH975j7Vi9Akro1hgrhhkEcivlP4jaedO8XajAE2hZi2Mjoa+qYGJX1OK+ev2gYEt/GzOox50KseOvrWsGYU9JNHiPiqHbdpMOkqcD6V9Sfsqah9s+G0tuWObW9dQp7Kyow/UtXzL4rUGztpO6tt/TFe+/sczlvDmuW5P8Aq7iJsfVWH/stejhn7yM6sbJnvVFFFeic4UUUUAfKH7Yp/wCLlaYD0OjJ/wCjpa4MnbCoz/CK7z9sbH/Cx9LP/UHX/wBHS1wLZ8oZ9B/KvNxHxs6qPwlaQgmqkxFWX6mqk1c9rs1exVJ+Ymon71IehqJ+n4VdiGV3IqButSv0P0qLt+NaozkxuCB0ptPboKZ2oJbCiiigQUUUUAFFFHegBydqsRZzUCdqlQ4oYI07SQr+ddTo9wQBg1x9ucfnXR6S5BrF6GyZ6NoV0Qqbj1OPxrutKlZl968z0SUgjHPH616Bosn7vrzisqiNIyOxspCdp74rdsHORXMWDnK/St+wfpk1zM13OitX6e9eEftFBj4ttvmGDa5xj3r2+2bOMdhXh/7QuW8RWj9W+z7f1p03qZ8tpXPF/FAzpyegevb/ANjNs2PiZewktv8A2rXhviZv9A2/9NOK9x/Yy/48vE//AF0tv5S16eF+JGNbqfQtFFFekcoUUUUAfKX7Y4/4uFpJx10lcfhLLXn2cxfgP5V6H+2OCfiBpHH/ADCf/ar/AOIrzliREP8AdB/SvNxHxnVR+Egcjmqk3PIqy3INV5AQOawW5qyoQeRUMnf6VO33jUEnerIZVfofpUQqZ+/0qEVojOQN0qOnt6Uw/doICkLAHk0o60mMmmtQAMD0oyKTpxRTsAuRQDSUqg5zRawIenapkqEdakQipK5S5AeT9a39K5Iwetc/
bkbga3dJOGX2NYyLR22h5+WvQdEPyDPXFed6GSAK9C0MjaM1nU2NUjrbDsfat+w7Vz+n9APXpXQWPKg+grmZqtjbtuAMeleIftAnHiK1J6GHj8q9ute1eHftAk/8JJbKe0P9BU037wnueKeJMmyXPXfXun7GWfsPiY9vMth+kteFeIv+PRR33ivef2MxjSvEp9biD/0F69XC7o5q2zPoGiiivSOUKKKKAPlj9sg48daKe50s4/7/ABrzM8wp/uCvTf2yv+R60P8A7Bb/APo2vMj/AKlP9wV5uI+M6qXwkB71BNU5I5qCbpXPHc1ZUbqahbpUzfeNQnvWhDKsv9KhFTvUJ61aMpMafWmsac3pTD0xTJCmsrHlfp1p1LtJUnGfxpoBgUjrRz6Uq47UtO4DefSnqDikpy9KLgmKoOOlOQENzQg704feqSk7lm3PStzSiN341hW/UVuaXww+tYyLR2uiEcc16Dof3Qa880XqB9K9C0L/AFQrOpsaJnXaf0SugsPuY9a57Tuin0robAjCjv8A/XrmZsjbtPX3H8q8M/aBI/4SqBe4hzj2wK90tThQMdeleF/H5R/wlasThvKUAY7FR/UGpp/ES/iPFfEX/Hsv++K96/Y1z/Y/iP0+0QD/AMdevBPELD7Kv++K9/8A2Nh/xT/iE/8AT3EP/HDXq4X4kc1bqe+UUUV6RzBRRRQB8tftlD/itdDPrpjgf9/a8uB/cpn+4K9U/bJB/wCEz0A9v7Ok/wDRgry5OLdDjjaOe3515mK0mddBNrQrMR6j86hlPFWXCnqo6de+KhkVNpADD6isV3NHG25Sfqahbgc1ZKKvG/GfUGopY89w3vmrIkUn71CeDViaJ+y5+hqDyXH8JFaRsZSXUYTzTG609kbrg/lTCOe9UTYB1oKsOe31pO/f8qDgdyfwpWCwAg9KWm8HuBRkA43D86QDqcvSo8juR+dPVlxjNA7EqHjFKPvUxGUdWX86USR7v9YmfTcKBpWLVv8Aerb0vkr7msK3dc43
Ln61vaUrM6bUdueyms5JGkU3sdjo5G4fhXoegkbFrgNDtLuRl2WV0wboRA5B/HFei6DY3wQZsroZ9YWH9KxnroaJHUaf938q37H7ymsSys7oD5oHH1GK3bBXBUbBx7iuZmy2Ny1IwCTgV4d8fsN4miwST5SfTvXtsAmAysJbBz/rAo/SvGvjZpxl1pb65kaPMSqIw5YBQTk7iOaKcdSUry0PBvEPFsuSo+cDrjtX0J+xwSfDGvegvkGffZ/9cV41daZFKRFaWUl7LkFV2luce3T8a9u/ZGiaPw54hyu0jVApGMYIiXI/WvSwsk5pIyxNGcI8zWjPcaKKK9M4QooooA+Xv2y+PFvh4+thL+jiuB0GMSaezPq2nWSlwsa3iS7XbaD95AcceoA969D/AGy1H/CT+Gye9lcAf99p/jXlsGTocOO9z7/881968rGayO/CVJU3zROhj8O6neOxstO0zVAef+JbqVvKTwP4d4fPsVz0rP1Tw5f2MZe98MeIrNO7yWMgQf8AAtuP1rCkiiYDdGp+UdR7f571NZanqmmNu03VNQsD6213JGR/3yR/OuVU3fRnc8a/tRT9UVSulBtov2ibPSRgv86SSyicZTULZ/8AgYP8q2l8d+M4xsbxJf3S9CLsJcA/USBs1BL4v1OQEXWm+G7s/wB6XQ7YE/iiKaaU1/w5LxNF6uCMOTSpjys0Tfiartpd1k/6rPpk5rWn163kBMnhLwwT/ejtpoj/AOOygfpVKTUtNdsv4ctU7Yivbhf5ua2XOiXPCy3i18ym2nXg/wCWX5f/AF6abC+PIt2wOOMVc/tDSh00e9Q+sequP5qaa19pxIKwavH/ANxAN/NKd5/1/wAOF8H2f4FFrO9H/Lu5+i5/lQtlfMMi0mP0jNXTfW2fll1cD3uVP9BTGu4GYEz6gxHdyjkficU7zLSwD3cvwIFsb/8A58rn8ITS/YNQz/yD7s/9sDVpL6EDBu9Q/BU/xp/
263JBN5qHHrDG39aOaRrGnlnWUvuX+ZVGn6gf+Yfd/wDfg1JHp2p9tOvD/wBu5q0uoW2eb/UP/AeP/wCKqaO/08ndJf6mD322kRP5l6nnmbRo5X1lL7l/mQQWWtKQqWN6voDBgfqKvQjxHGQqreRhf7qD61NBqWjDBfUfEf8A2zigX/2Y1p2mu+HETbJd+MmH+xLaqT+an+dQ51elilTymPWT+4gtofFkj4Wa92j/AKbhR+hrb0/TvFBl+aeYf713j+uahTX/AAiy4WPxzM3+3qdtGD/3zETWzpfifwyhXf4Y1+6A/wCe/ieVR/5DQVlzVm+n4kSnlsdoyf3Gzo+j67IqGW4B+t27fyrstJ0G5VlaWWD3O1j+rVzWn+IvD75MPgxgx7zeIbuYfiGFdZoutWewLH4b0WP3aJpT+bHJocKr3kjmnXw1vcpv5s6HTrCKLG+5hB+g/lmt2xgtsgLdF27qgB/lWNp2sXCkeRaabB6eVa7SP/Hq2bPUb2UAPOc+yqB/KsnTX2pP7v8AgnNKcpfDG39ehpxRRlSBHK2P7ylc/niuH+IlhGxink07TIh90T6jeRwxr+JBJ/Wu0QyP8zSuSTn7x/l0/SvIPjMqm4UlULA8nv0Hsc0/Z056a/18iaE5058yepgalq9qLq1sn8SWaPNcpCsGjWDT5DMF/wBdNsjA55wrd66z9k2Ly/CWvDkkay6kk8kiKPr7/p6V4/b7m8QaWifea/tgM/8AXVBXtH7KSgeDNcIHXXp//RcddmDpKnVsisZialWCU3ex7FRRRXsHlhRRRQB8y/tmJ/xUPhiTPH2W4GP+Bx/415XCf+KdhP8AEt1j/wAhD/A16x+2b/yGvDHvbXP/AKHDXksP/IuofW6H/ouvMxPx3OzDlcj9AAahl6Z9qmYgZHvUMn3PwrFvUttldhxzUL8A1M/eopO9CIuVn7/
SoDkGp3FQnrW3QhoaSc9aRsnqaU9aQigVkNHNLSAEDpS4NMaExmnAYFAooKsKOuacO9NFOUHNA0Sr2qaM1Cvapo6Bl22OCM1t2J+UfWsS2xu5/CtrTenNQi7Kx12inke9d1oRGO9cDpBJ2dsV3ehMCvv9KiaKTsdhp38J9q6GwOCK57Tfuj6V0NiDwa5ZmyNiFsqfTpXkfxfIa8Ud8Z9uBXrUPCc+teR/Fzm7IH905PpTpq0jO2rPL9NG/wAVaLt/i1O1Az/13SvaP2U8HwLrDjPza7cH/wAcirxjSSB4p0MngLqdrn/v8te0fso4Pw+1Mjvrdwf/AByOvRoK9QwxHwHr9FFFegcQUUUUAfNX7Zo/4nHhVvWC6A/76hryO3yPDUZb/n6H/ovNev8A7Z4/4mHhNv8ApleD9Ya8hgJ/4RiPj/l6X/0SK8zE/EdeH2KrnJyPWon+6albkH8aifofpWBo9iB+9QyfeqZ/SoZAc0GZBJ0/CoCDnpU8n9KjbrWyegEZ4pDTmBzTSDnpTQrCUUvPpRz6Ux2EoyF6nGaXp171b0+wur53S2A+XAdmkCgZ6fX8KG0ldjSb0Qun6bf6gjPZ2rzKpAJBA5P1IzUDo8MpilUo6sVYNxgjHGfxFd9pdtdWmnwRRPDDJGvXaXDE9+e+K0Li0jn0iPSmk3pcTKrKAAxXfud16nPXnFee8clKz2OqOGvG/U8zAxjJA/Gpo66Txx4bsNAt7Se0uZ2N1KyrDKASFGOQRjPJ9O9c+8E1uUWeGaAsBt81Cpb6Z61106sZx5o9TCcJQdmWLflhW3p3I4rFtuWrb0zqD61S3GndHT6Q4DYA5z1ru9AYnAIyTXA6SDuJ967zQSBwTgHHPpUzGjstOJZcryK6CwJBUnpXP6V/q8d66HT8bcE9K5JG8TWj54968m+LYxds3YjH44r1mI4AJryf4vnDrgdzVU/iRDPL9FBbxfoYUbidTtRj1PnLXs/7KBz8O9Rb+9rVwf8AxyOvG/D+D4z0Ajp/
a1r/AOjRXsf7JvPw2vT2OsXBH/fMdd+Hd6vyObEfCewUUUV6JxhRRRQB83/togi68JHttvP08g14/CR/wjEf/X0v/okV7F+2n/rPCX+7ffygrxqA58NKO4u1B/79f/WNeZifiOvDlduhqN/un6U8kVG33TWHU0exE33qik6/hUjHnNRyc00ZleUEniom61O9QN1rRAJTW606msCW4FUAlFI3y/eyv14pThcbhjJ4yOv09aYrgB0J6ZxW9oWsWel6WYWSaadnMjBQNinGACT347VmW+m6hcorw2NzIjHCsFwh/E8Vs2PhWeRCb65Fq458oKC2Pcjp9DWFaVJxtJm1KFS94o2NMuEvNMS+juWEgI8xTNtAY7VYY+jDmm67rf8AYeqPHaRRXF20a4eVdwhQALtU9TnGfxqKz8M6ZFKs0zS3O3A2vJgE9gcD17ZrcudK0nUrhZdSghkckQhhIytnsM7uwwPwrz+alCV90drjUlG3Up+A9YGs+PLe41sw+ZBbOljGyARxvuHChuCSATz3Jru/i3LaH4e3CakVN20kZsfMUCRX3ruwOuCuT6Vyo8AaHdoZbS+u7IctuEwlRWBwTk4I9OvXOKyfEPw/8U2Leelvca1FGpHmxMZZIhn/AJ55LD64qf3VWrGUZ2t0CKnCm0438zmLfIbLDHPTbj9K2dMPzqKxoQFcr0KHayk8g+461sWIwVbpz+f09fwr1U9ThXmdVpQ+bA74xXcaLnbgjFcNpRO5Dzn/AOvXcaCcr8x5PT3pTKR2elEAda6Cw/njFc7pn3c10diR8v0rkkbxNaP7v415J8X2BkMeec5+nSvW4uV/WvIvi9/x+t9P6CrpL3iWeb6Dt/4TLQCTkf2pbEe37wV7J+yWP+LYXDdQ2qTkH1+VB/SvGfD5x4y0A9f+Jlb/APowGvaP2TDn4WSHGM6lP/7LXdh1ar8jlxHwnr1FFFeicYUUUUAfN/7a5Ibwkfa+H6QV43Cf+JDj/p7jP/kNq9n/
AG1BkeEvrej9Ia8YiwdCyOhuIv8A0W1ebiviOvDlc9sdMVG/SpM/KPpUT1z9TR7EJ7/Wo371Ie/1pjdaaMyFyKhPWpZO9Rt1rRblDT3PoOasabpl/qkm2wt2mUHBbogP+90z0496rlVJwwIz3zgfSty08W6za28dtGbIxRJgK9qBge+Op/WlPmt7u4RtfU0NO8HKsqLqV42WPEduD+RYjP8AT3q0kWmWOpGw0TTra5vdp8xi+VjA7u/r7Dk1jz+L9WmtZYEFlCJE/wBZDDhgPY81V0fXrnSrfy7eztHUvukeQM7yH0JBGemePWuX2VaSbkzo56cXZI6XW75tNaKyiAn1WfARSm1Uz/ERnj2HtnvUN4zadawWFo5uNUu3wZGbOSfvMR2HGAPb3rmrHVLi31eTU5Yori5k3AiYtwW78HqAKnj165TxA+rvZ20s7KEVJN22MdDjqR0z/wACqvYPRf1cFWOh+0xw69bafGxe102N7i4cnBkkCEqT9DtqGG/mj8Ex6tgvLHqYuQSAR98g/h0rmotTmga/YRxs96Nru2Tsyc8e3ap4dYni0B9HEELQMQWkcHfkkN06fl2xQ6G2nYPaq5391qaeHNfS9lhE/hrXPnmTJAjdh8xT3I7flyCB0sOs3/gWa2uLgtqnhGfDQ3Mch8+x3DgM45ZBnvnPTrxXksfiG7Hhj+wJ7SyuLVeVllRi6E5IwQccZP5itnw/4817Q9AGhIlhdafhgsV9bmbCngp97G0ZyPfmsKmElLovP07+ppGuoo+iZfCPgzxpZQahd2Nrdm4jDQajaSGKVhjGRImNx4xhumMdq8+8WfBvW9Edrzw+W1qy53xBVS5iHqVGFlA9sMfQmvO/BPjbxL4UgubbQ72K3gnk3tFLCrqGHTaGzt7Z7ZrqbL4t+P5lJ/4SNAWGQVsIOB6j5fy65rOhhq9KVlK8Tnqvmd0VNKGCYwjB1JBVgVIIODkHkc547dK7fReNhIxxzXJT6hqeq6pJfavdPcXzgeY7xpGWIAAy
FAA4AHAHT1rqtFOMAkdB0r0pLQEdnphGwDPJrorLsewrnNN4IPYV0NkTjHr0rkmzeJsxDjk44ryL4usPtpXsFxn8BXrkR+XPtXkPxe/4/Np+62DnHoBVUX7xLPN9BwvjHQueF1GAk/8AAq9q/ZN/5JOD66jcfzFeKaDz4v0RRyTqEQH/AH0K9r/ZM/5JIh7HULgj/voV6GH/AIvyOXEfCeu0UUV6BxhRRRQB85/tp/d8In/bvP5RV4rZ/wDIAGf+fmP/ANAeva/21OI/CR/6aXf8oq8TtSBoAPpcRk/98PXm4r4jrw+xCOlRv0qQ9BUcnT8KwtqaMhODkUx+KeSB1IH1NNdSTwCcYBwO/wDkj86pIjrYhI9ajIGakfkZUZHtzUbfQ/gM1STFqRvgHlsLxnOMD8+K2NVSx/4SdPJjtms2kQ/I6BHTefvbGIGR2YqfXtWUdwYdcDqO1MwxXBGfXJBDVQ0zXMNhB4tgt3t7Saz81FljErrGoIUuNyOc456MR6Unh6wsdQur1byeKzi2lLZWlbAmYkIMgEkDaeTx6msnBHy7QepywGB6YxTWUE/dUgdj9Of50CNPTlsW0XUXurRZbyOSBYJTdOu3czKxA4BHy5zjvVybS7RPAFlrKW8st3NNIks48wquGIAOMIDjnB+bkdiKwWGQB1wuOfoB/T+dIABIH2qGwBkdR9OKGCNjwZYW2qeJILK9iknhaC5cxR7gzlLeSRcbQW+8g6A1sWOg2I8ceINHSzbVksEnaysheGJrp0kRQPMHPyoxOOPu4PNcey5OC3Gee+R3z69sfQ0FE2KowMHIyAdvHXoOfXnv3oQJHZWdh4ftPiBqmlTwQanpUAvlhE126LvjheSPDxsu7DoE5JzVPw3LpraLrzX+nWdzcrZJJZNNJKDE7TRphQJAGwrs3zZPy++Dz0YXaF2KU2j5cYxjoBj6Y/Gp4/
vAhFLA7lLdA2c5+nAobH1OhubO2Hg7S9UtprQ3LS3UN4PtKmdm3KYv3OcgFc8hSOOTk89XrL6At/4b/s8aZHai3tDciAwEE7IjJvCJ5md3mZDlunHGBXn1rgOCoKkcZHBx6AjkVq2Ay/yhSM8gtjPueP61JaXU9A1e5srrVhJZzWs4CMJZrW28iN2M8jJtTamNsRjUnaMlSec5O9oecAn9TmuI0cY4GT3x3rttEHRycZIqZMaVjttOIKV0FkQSMVzmlnPuPbn+VdHYDL8A8e3SuOZ0R8zYiHyAV5H8XCDdIO4BH4167EOAa8f+LXN6COm6nR+IiR5z4fIHjTQz0C6hET+B5r2r9kwEfCGDI/5fbj/0IV4noRA8YaPn/n9Q/wA69v8A2UB/xZ+2PY3lwR/33Xp4f+K/RHNiPhPWqKKK7zjCiiigD50/bVUm28JsO0t2Px2xn+hrxG1z/wAI82f+e8X/AKC9e5ftpY+x+FM/897r/wBASvDbM7vDzY7Tx/8AoMlebiviOqhsRDoKZJ0/Cnnp+A/lUb4IrC9maN3NHwnoU3iDVnso54bSGK3kuru7lQuttBHgu20H5zyAF7/ysQ6NoGpfahoWuXgls7Wa5EWpWSwm4WNSx8po3YA4GdrYJHTJ4rW+HgFx4W8eWEIJu5tFV4wv3yiS5kA/AjNZ/wAPtJ0zWrvUkv72+sZLPTJ7+Ga0dAQkagOhVl5LK3GD26c8582ru9jS10rHMW9vcXtzFbWdrJcXFwwSOOJMtIx42jb/AJ61pS+FdVWWa1hk065vbfPn2VtepJOmOoAB/eEc8JuNdR8Efk1zXNThEv2qx0K7uLMn7yybQoPHAbax59Sa4XRbmfTdS069tZDHNbzxSLIi8q2fXvnkHJ5wcZFWpttpdCeXa/UrIMnCgHJwOMc9MH3zV690fVbK2S5u9PuIIHAZJHTCsDjBB79RW/8AGDTrLTviFqkNgI1tJdlyEQfIC6gsFHYbs/iTT/iBCIvC/gdmQHdpbE8k/
wAY5xnHHFCq3cbdRciXNfocYTnLdh3qZbS8dA62dyynoRCxB/SosHndlsgZz0rqdPnuIvhfqUkctxGw1KNFeOUggFV79fy4rScrbCik2zlnVo2CyI6E9AykE/nTVBdsICx9BXWeFLy51u/PhzV52u7e6V/Leb5pIWAJBVjzyB0/qa5i5jmsb6aFZXWa3kaMFDtIZTxz70Rld8vUTjpciCuTgRyZ5+Xac8e3WlSGZpFRYZCzchQhyfwrr7+a4n1fQNdhdyLpMPmUgAofnz0427vyqpcWRXxyriZxbYF60u8kiNFLMAfTPH5VCq3djR07amAUkiYJLG8bf3XUg/kas6fbz3l3HbWsMk80hISNFyWIGTj8Aaiu7uW/upryd2aWVi53HOM8gfgMD8K7P4ZahaeGblPFt80cZW6isLMswABkP7+THXCRkZ92wOQQHUk4xulqKMeaSXQ5e2IIVgcgjINdb4X8Na9rNhJf6fYJLYwTeTJcTXMMMauRu25kdcnBB4z1qt8RtCTw3451HT4NpspX+1WW37pt5DuXB9Bkr/wH0qpBcST6SmmSFGso52uliKg/vXVYyx9TtRcZ6UubmipRHJNaHo8HgnXbGS4jvm0e3urW3a4a1e+R7gqoLEiNNx+6Ca6XwFo/9rxzyLqEFsLdDJLG0DynYOrDbhc5yMAk8dKp/F+eW2+LE80Mphk+yRIrIcHDRurAntlWx+Fbnwi8tJNV89ZVgGlvuMa4baG55PVsVUUm7GXM+W5vW1np6WTXFjqX2tkeJWVrVovlYnpu59fXpXRaVFYnTFuHhmkYSLCylxjJI5HTPBrnYW0yTS4IdKiul8uVmkNwAZduAqsSvG3Jx+Brq9Cljj0mH7SgZXusLuXAQnkEZ9/51EUpTa02Km2oInuYRDKYwxKngEnkDFeOfFsgXuD14/kK9iucxzyiQksWJDEY3A9APoMD8K8d+L5X7SqqCoVec9eazirVHZWNaesVc8y0dseMNJPYXSE/Tk17r+yiCPg3Y5H/
AC93P/o014Ro+W8V6YO/nj/0E/4V73+yuCPg3p5I4a6uiP8Av81d9D+J8jDEP3T1Siiiu84wooooA+dv21c/YPCuP+fi5H/jiV4bpxH/AAj7juZ4v/QZK92/bTGdL8LHsLuf/wBAWvCNPI/sJsHpPD/KWvNxXxHVQ2GdU4pjdDT1+5jvTG4BzWF7Gj0LGhavf6FrEGraZMIry3JMZZAysCCGRh/EjAkEH2IrZ0/xXpuktqNzpHhZLS8v7KaybOoO1tCkowxji25B4/v/AIcVy7dc009aTipaMFNo0/CmuXXhrX7bV7FVleEGN4pc7JomG1426khhnr04x3xctV8F2+sQ6mbzUZdOhlE8elNaYnO05WFpQ+zb0G8EttA4zxXPNURGapq4KTRo+J9ZvfEfiK+1q9CJc3khY4+4i4AVR/uqAPfGa6fxSdM1Xw/4YtLTxXohk02x8maOdpYmVywJHMeCPcHsa4faOvGffNJlhwNoH5fypOCbXkCm9fM0NZsbOwtrVItStNQupBJJO9pIzxRqSAiHKjLfKx4yMEc1vaVBFN8NL+wF1py3s2oJNDDNeRxsYwo5+ZgAOvXmuPY85I/WgKCPup+Cj+tOUG1YcZ8tzqfDqWPhm5fWdVu7S4uY42W0s7SdZmeQjAZmQlVUZPGc+3SuWuHeaaSWTPmPIZH9NxOTj25/nSFQDkKo7EgAE0gGCentjP61UY2d29RSmmkjc0/UETwjqFm7jzbdw1qe+JR5TgfRWY1Nd6jBJ4ShwP8ATWU2LDcM+UDuI/EKq/nXOnggjqKaPvcYHPfr9f6UvZRGptFmCOSaVIY2jEknyqzOEXOODliAPXmu01jWdS8MQ2GlaDq9obOK0DSy2jQXBlnckzO+QxU5bYO2EB71xCbRxyOMdakjGMYCr6hfX16CiXvbhGTSseoeMtQ0/
wAS+BdAu73xDpknibTY3iuIfMY+fCxJXBRdokAIOCQOSOvFcto0Vtd3ccF5dpp9u337mWFpvL9flQEknAHAwM+lYUWNw+X8d3/1q1rA8nJyazp0+SPKnpr+JUpXPU/iLrWj6/4tk1nRdQe6huY1iliktXh2bAQCGJyc/wC6OtdF8P8AVtN0q3vWuIL24ubyM2+2MosaRHvnrn8K8v0wq20AY5rstFKjaAcj6Vpbl2JSVrHomn3tsmmNZWVjJbiUR+dLJcmR3CZIX7oA544x1P1res7qT7D9jWG2SHuPLJJP97r/AJ4rlNMBKZFdFZkYx3Nc0pO5qqcbG4s00iAPIxAHBLfr0rx34vbvtLMc4KDkmvXoiPLHuMV5D8X2/wBNjX+6pyKdJty1KaSVkeaaLz4t01c8+eT/AOQ2Ne//ALLalfgtpJPRprog+o8+Svn7QjjxfpzE8CV2P0ET19C/svqV+CWh5GMvckf+BElehh/4r9DlxC9xM9NooorvOMKKKKAPnr9tTP8AYvhcgf8AL5N/6LFeD6bzoD45/fQZ/wC+ZK97/bS/5AXhkn/n+l/9F14JpZA0GX2lh/lLXnYvc6aGwwEU2Q5/KjrikfpWFjRkNNp1NPWnYka1MHSntTB0plBTWBJp1J3oRIxyqDMjKo7ZIGe9CujLlHDZIHBzya6X4dCVvFkaxG9DfY7wg2XFwD9nfBj/ANrIFUvFiXi6yjXcviZ3MMZVteUrcMDkdycpkHB6Z3UFGK0iKdrOqn0JxSe/qQB7k9B9TXovw4sbm+0nTba3tbqB5rq68if7J9p0++PlJmG8WNg6BMKykhhmQnAGSfPLKNp3tUjUTtJNGux2A8xi4XYx5G05I57Y98WogRqwcnZ85HBCjJz6cf54PoaUMufvL0z1r0X4p2jtpl9fW9pPbRRa1JA9lqdgYrjT3aNmFvbyKzRyW4wcKmMdSAGXORpmm3GofCvUfsGl3N5cJ4jgBe2tjLIkX2SXPKgkLnYT2ye+M1XKSmcovAOf4
c5/D+f4VMnynnjnBJ7H39Pxqx4aAfxNpCHGTqFuCPT94vXPqOufxq78REA8b+K0jjcAarfhUVQNq+e+3Ht6Y7UrFJ6laCKTDN5Um1MbzsICZIA3H+HORgnrkVpWH3xXrPxUudHudH8b3FnPawapbPpunXUSLhblFnjlhuOOXOxmjZRuIEQwAMCvI7M/OpUEDsCQT+OO9S0Ve6On0n7yk9q7PQ2BXaeMVxOlN65612mgnOBjNTIaO40g4iAzXR2XVc+lc3pZyoHfFdJZ8Fa5Jm62NmDiI98mvHvi0f8ATACfm2mvX4cmM49a8d+LYI1FQeCU4/OnS+IbPN9D/wCRpsc9jMD+EMh/pX0V+zL/AMkR0D63P/pTLXzlo+f+Ent8dQtww5/6YS19Hfsy/wDJD/D30uP/AEplr0sOv3j9DixD91HpNFFFdxyBRRRQB8/ftpD/AIp3w23b7fKPxMRrwLTyv9hTYP8Ay0hP/o3/ABFfQH7aI/4pfw4T0GpP/wCimr5+sP8AkBTY/vRf+1K8/E/EdNDYYOAAaRyKc3Wo5KxNGRZHrSHrRSEgUEiOeajzgZOePanOcmnwMFYsxGFBYA9yO1JuxcI8zsR/gfyo9/WpZAJJFiU5yACeg6kn+f6Ul2EaQSREFWYKMDHP4+2KIy1KdO19diNSRIjIWVwxwwYqV4IOCOehpJJJJCGkkmkcAjdI5Yj35JNTou7UtgHy/N+WKimRTDbFfnV4/QjPz/8A1qLleyfLe4+2vb61t7m3tr67t4LkATwQXDIsuAcBk6MMjuR9TVSTDKqnyypwNvVceg/IdQCCOtWb8Qid0i8obXbGxWBzg8EsB70tzDEtqJECvkRb9ox5YI4Y+uTnp6ValsV7CWvkJqeqarqUVvFqeq3t4tsNtut1dPKIR6LuJx+HbPrSaZqmracsiaZqmoWCSgK6Wt08SvwQN20jPBI5zxTWESacr4g853kBLFtxxt+7jgdTyfeqyEYLDoG+ucAmmm7MznTcLJ9dSUDAAJ4BJ
BBOTk8Hjvxmpc7yWlcuzEliw3A5yTnnPOSealeBEu7COKEnzIIHdFIG4knIJzg/jip9Zj8q3S4SFYo380JiDynJGOGXpwGGCCcj3yKly1sbLCtxcr7ESAeYJE2M+Sd+SSCRz3PfP51pWTAsuzAAwMdMen/6+lM1uGSLVLspbMluZCsbiMqhGFGRx6mtW/SNLeOOOWFmsiLV1CjI+UEnP8XzFuRxUOZpHCu0uZ2t+Jq6OSw+VSeRziu00NJAqyGNljfAViMA5965yOeKSKRRKvnILeMgLy6rHndxx1bb68V0+lTR+UoMqMzQW8RUBvlKKASeMflWbnJ20NHh6cL3lex2GkZypweK6az5wfTrXK6MzFRkc11OnnK/XpWc9zni7mxDzDgdeteN/F8lbzcerA8elexRHERx6Y/GvGfi65Oo7W6hP6Cil8RTPNtLJGvxOTgeRckn0H2eT/CvpX9mkY+CHh3/AHJ//SiSvmfS2zrYB7Wt1n/wGmr6a/Zt/wCSJeHP+uc3/o+SvRw3xv0OLE/Cj0Wiiiu85AooooA8D/bQUnwhoDempn/0U/8AhXz3pgP9hTeu+I/hmSvoj9s4f8UVoR7DVD/6Ikr510xidHmA9Yh/489efifiOmiIxycj/PJpr07sPoKa9YmjICQDTScmlb71NzQAN1phxv5Hp+VOJGaaxyaESKOmVJGKVuvX5R0pF6UtVYFoJvfcMcHpmkXBb5iducDA6f5NDnClR6flVprRVnmTzPkjiaQcdTj/ABB/KodkzanSlNXiVZJndMSSM2MZ3HJHXPP40wuVBAkAyoDc8FV6D9as2kIm81wly2xVYLAm4kng9eO1QyRD7WIcOm5whMi/Ng+1UmrsfJUsm+pH50iwmBZZFhIyY1b5Tn2/Kol7DuQePw5q5fWaQxNKHuE2EoBOuC3PJUdxxj86gnj8tLaYnPnw+aRjod7Lj9Kaa6DqUakbqXQAzNsYsXICqOTxjkEY6dal82WRwZZTMAgHzOTxnHfp2qS1t7YWs
lzdfaDEJvJWODG5m2hm59gaW7tltL3Yxa5g2K6bX2l0ZQ6jjocHv6UtLlexmoKTejHRnaMMTJjgB2LdPx/zitKzUeYNrAnBG5s889ag1GG1haOO0geMmGOXe1wXJDor4xjtux+FT2JG9cUrppWJqRcJNN3Z0GlsQy/IcD72Dz+FdtoZ4B21xemDn612GiNg47cUS0IR3WknJU9iK6bT88VzOj4wMnoK6PT26VyyNorQ2Yt3k/jXjPxe/wCQpuPQpgV7JCT5RXv1rxf4ukf2iRuOWXJ9u1FLcp7HnWk7TrfX/l1vP/Saavpr9m7/AJIl4b/64y/+jpK+X7EldUyv/PrdD/yWlFfUf7OQx8FPDX/Xu/8A6NevSw3xv0OPE/Cj0Kiiiu44wooooA8J/bNH/FCaKe39rAf+QZa+ctH/AOQRcf70X/oT19H/ALZ4P/CvtGPb+2U/9Ey1846TxpNwD13xH/x568/E/EdFET0+gpr0o6Cmyd/pWJqyu3JzTadTenWhANbrSUMwzSEnt0qrEjwRQDxTBnvTlIFDC1xJM4Ixnjj3q0965MgVR8xkOfUMMAf59arHk0yk1c1jUlD4WSwtHEksckZdJFC5V9pGCT6VEzJ54lWMhQwOx2znGO4pSR0GSfYUxs/NlWG3qGBH86FYXtZ2XkPuLpp43jlR3AkLxMXz5eTyvP0BpJZ45oI0aKQyRxGJX835Rli2duPUmoGBUHcrL1YblIyKFDcAoy9cEqQD9M1VkW6tVt3LNtcRpbva3Futzbu6yMhYg7gMZB7E9D7U+9uJLy6luZAFdyuFjGFVVG1VA9AAB+FVxHJsEnlSeWejlDtP49KchA4z0odmEq1RxUZbIvT3Ml1cCVwoPlJHhRxhVCj9FFXrEjePwrKh61p2RG8VLIcnJ3Z0em8yAg12Ggnb75rjdMJ3L/nvXYaEeQO//wBelLYaO90j7gwc5rpLHoP8965rRzhUz6f1rpLEjA/z3rlkbrY10/1RwMtg1418YAW1Fdo4VAM+/
Br2SMkxMAOMYzXjHxebGoRLnjYcn3p0viCWx5pZt/xMpW7C2uiP+/ElfU/7O4x8FfDH/Xqf/RjV8qWm43kpx/y53R/8gPX1f+z4APgz4XA/58//AGZq9HC/GzjxPwo7yiiiu45AooooA8O/bMGfhzpHOP8Aidxj/wAgTV816Tn+yrgn1iP/AI8wr6V/bLH/ABbXST/1HIh/5Bnr5p0f/kE3I9PL/wDQz/jXBidzooi52nBprnIP0pW5Ofx/WmscA1zo1kQE4pjHNObmmHjP51SExj9aASBQx5pMiqEPU5FLTVPFOFABSd6WkNAMls9xuowkiowPBYjjggnnvg8e9JeHFxGJATGu1VJcPuAPViON3X9KhYgqw56cdKjOMkqqgEYOVqeU2jV5Y8ti5rB3QL5jhmM0pjG4MVjIXA4+h4qTVZY3t3LSI3mXSvbhTykYjPGO3JUfUH8cshVXKqAfakXGTtAUngsF5x/+uqUWXLEtqStuaDrKmmq7SpIZYtrr5oPlJuJAC5zvJ5z2BqvncxJ6mok28fIFOeWVQOMf570+M+o5ptWMpVOe2mxahPOK0bM/PmsyI81o2ZHWoZKOj0xwCpwa6/RCFkUnP+TXG6dxtHrXY6GQWHBpS2Lid9pR+VK6SxIwK5jSj8i+1dLYHpXLLc3WxsREiIn3rxT4uFv7WUccqevavaFP7rGR1rxP4tN/xNGJ7DinS+IGec2XF5c+n2C6x9fJf/GvrL4Bjb8G/C4/6cEP5k18m2A/0m8yRxp91+flN/jX1t8Cxt+D3hQf9QyE/mtejhfjkcmJ2R21FFFdxxhRRRQB4l+2Tj/hWemE9tch/wDRM1fNGkD/AIlFx/up/wCjDX0t+2V/yS/Tj6a3D/6Kmr5o0c40i5z/AHU/9GVwYnc3osQ84+gpj9KfnH5UxzkGuZGrK5OKaxzn6UrdaaehqluMjY4NNJ54ocgtTecFsHav3m7KPU1ZI9TxTgTiollizjev/
fQqRSD0Ix7c0MGPU0EjFNPXjP5GjoORmlcVxCQRTCePxpSRjqKaSKoLsax4ximAnIIFK30OPWkB249KaQrki9RwakXr0qNc9e1SKwHJIAHfI5pFIni4xV+1BA/Gs4SIu3LqPqwFX7KVJGCRuJGJ+6h3n9M1DdtykdJp3Vfauv0Q4I9awdC0HxBdqJLTw/rVwh6NHp8zKf8AgW3H6121r4U8Sadpj6nqGjz2VnEAWknkjUjnH3d279Klu60KTVzpNHP7pQeprpbHORXLaUw2qR0H6101jztbgZrnludC2NZWxGMgcGvE/i3k6k3TBX/69e0AjaC33Qe1eKfFcs2onJGcGnS3FI85tX2y3pGf+PG5/VMf1r7C+CYx8IvCY/6hNv8A+gCvju1/5iRPONMnP6KP619k/Btdvwm8Jj00e1/9FLXo4Ze8zjxGyOsooortOUKKKKAPE/2yR/xa2wPprUB/8hy18y6SQdKuQMjCL/6Nr6b/AGyP+SV2Z9NYgP8A5Dlr5k0fnTLvHaJT/wCRQP61wYnc3oie1Mc4GDTicNTJDnkelcyNXuQMajZhg9ae39KjPeqQmRHr1FWtN1PUtMkeTTdRu7J3GGNvKybh6HBFVGPNIDV2uSpM3x4w8SFi02pC6J6/arWGbP4uhP4UHxRfP/r9N0C4z/f0aAf+gqKwgaM0nFFKTubn9v27HMnhXw0/strLHn/viUUp1zSmHzeCtDB9UnvB/wC1qws+tGaXKmVzs2m1jSG/5lGwH0v7ofzc1E+paMef+EXgU/7OoT/1JrJOSaQnA5quVCcmX5b/AEtj8ugRg+pvpj/Wo0v7BW/5AVo3+9PMT+e6s8nv6Ug65p2EpM3ItXsUOV8MaSx9ZHnb/wBnq1D4lWHPk+GPDSnsXsmlx/325H6VzyEYp4+9U8kSlUkdbaeOdct3DWVp4ds2HRodBtAw/Exk1rL8TfH00HkL4ovIIz/BbwwwAfTy0XH4VwURq9adjU8kVrYL33O0t/
E3iS7Qx3XiTXrhG6pLqczIfqN1bWirH58cjRIz/wB4jJHfqc1x2mc4PTmux0ZhuQ1L7lLQ73SWBToevPNdNZNhVHNcvo/3cetdNZEHbWEjeLNPP7k/nXinxYb/AImHH93+le0NkR49eK8T+K7f8TPaOfl69ugp09xs8+tWAXVcg/8AILn/APZK+zvhKNnwt8KD10a0P5wqa+LrMg2+sH/qFzf+hRj+tfanwq4+GHhQf9QWz/8ARCV6WG+JnDiNkdLRRRXYcwUUUUAeLftjf8kptB66vB/6BJXzHo//ACDrz/riP/R6V9Oftic/Cm1PprEH/oMgr5h0Tc2m3m1Wb9wDgDJ/1yVw4rc3o7jX60gR3DBI3fau5tqFsDjJwBnHvQSpG4MCuM5zxWz4K1KHStYmvp3CqljNtQuyCZ8DbHuAPBIrkbsro1Su7M5w8nAwTgHgg8EA/j+GajkYKxUsPUHPBFdvoVva6n4O16SXT7V7iS4kktII7dBIXMQbbG5+ZAnJwOD83TvmaTo2n3mm6UrzXH23VFu2inWTbFA0IDBSmO+GJPo64HWnCadx8uhyrHPOD+VI3AyQfyra0jRIdT060mW+e3u7y7ltoYnh3RBljWTBYHIzvwPlP1FZtvYvLpr3omhQrdR2xjdiGLOCQehXA2nJz9M81rczcWVwwx60oOatDS7tr68s0WKWSz8wzukgEapGcO+5sDaDj3ORxQml6lJqQ02Kzlku2UOsSAMXUrvDAjgjbzwabBKRVOaM44p91BcWkipcwvCzKHUMPvKehHYjg8j0NMgR5nEcUbySN0VFLHHGTgdByOTQh3ewueM01jkUqgkhNrbicBcck5wRjrn2P4U1wyjDoynGeRinoGrGE449aaD2oc4G45x69cc4/mR+YpywzNN5KwytKTgRiM7ifYY5ppE2HIelSKeaPstyk8dvJbTpNJjZE8TB2z0wMZq/
FomsOQBpd4vySyEvGVAWIEynJ4+TB3emO9S2luUk2Vo6vWjYIB71QQ4QuQdoGc+3/wCsgfjXV6t4V1TQdOXUb+bTGiN0bVlt75J3WVU3yIVTIygI3YJwSMZpSaW5UdR2nBgAcHBPHBrsNEU4X64/rWbf+FbnRNJs9RnvoLhbtoCoWznRNk0fmJiWRFR224yqksCQMdSOpi0G607wroWvSBlj1NpVCNHt2EHdFyfvF0Ukfl2rLmT2NEdFpLcBuccAH1P+ea6awViVCfOTnCock9egrLexSJLBtOsplSXT7WRmyzhppVJCjI5P/wBbpXXTWlraXmky28sKJFIltcMo27JI3+Y84PzE4+mD6VhJXbHz22IY4LiVP3SAKUMu92CJsHBbJ6Afnx0rw/4ro9vq9xBcIVkiZkYdeQf5V7zdajYy3Msk0O6J7GSC4ihIJ3u5LFSxGVOSc4zyMgdK8A+Ll29zrU95PtR55mYJnPLHIUdzxgVVPlUtxxlJnBWYP2TW+cbdKkP5yRD+tfa/wvGPhn4WHpo1p/6JSvjbUdIvtD0LVLnWhHp0l7YGC1tLhttzLmSNt/l9VTCHl9ucgjIOa+y/hkCvw38MKcZGkWg65/5YpXo4V3uzmxHQ6Kiiiuw5gooooA8X/bE4+E9ufTV7f+T18w+GDdq6PY3ZtbiNSyuCeeenp2HUGvqH9r9c/CVG/u6rbE/+PD+tfJ1i2I1XoQeGB5rhxSudGHaUk5LQ6ybVbaWT/iovDME5P3rmxkNpcMPUlQyMev8ACKadL8J6gu7T/FT6fIxwIdYsyEH/AG1hDAnnqQD64GKy4NTuo0A3h1H8LjND3djO2bu08skctESP8/lXn2kepyUamkZW9S/J4D8V4M+m2kWqxrysmk3UdywHqAj7xwTwV/irFnuNZ0SKfTpje6ZHLkyQSxNFnPB4cZGQMEjqFFPWz09n32V+Y5M8E/eH48VsW+t+N7OERW3iW/
mgHAilufNTH+6+R+GK0U31JlhZJXX4GFp2uXljaRW9sls6wStPBI8e54pGQIWUg9cKo544qDSNThs7SW0uLU3MLzxXHyzbGWSPdjJwcgljkcVrXusanN/yFPD+iXnfc+nRxsf+BRFDWfJqOjyDE3hiGPsTBeyrj6bi1bRafQ5HSmnqR2uqoo1SK5XbHqfMvlEZQiUyLgHgjdjI4yPpU2iX1jp/iW2vg1z9lgyAZFDvzGVOADgAk9M9KjE3hlx/x76xb+u25ikH6qKUR+G3AKarqiDOG32ETj/x2T+lNsnlaZX1eS2luI2gdWxCisEg8lFIyMKpJ4wAc8ck1Z0a7jg0zVLJpVtpbxIlSdidoVX3MhKgkAjuM9BSvaeH2b914kkUf9NdNdMf98s1H9maW2NvinTQf9q2uB/7IaLpKwkmncuyarbN4t0nUlmYC2FoLqdlK+bJFtDP9MDA9epxWRrN4b27ZxuKLkKxlaTd8zHILc456fWrZ0iw+Zl8VaMxIxhvtA/QxVG2lWueNf0nHYBpv/jdSuVBJSkrFXT54rb7S9zho2g2NF3lBdOAexAyw9xWjbX1onjW3vzdl7SF4x5zA8qsQUg46noPqD+NN9Nt15Gt6Wcf7Un9Y6YunWu4hta0v67JefyT0qvdYK+1iXVblWms5LWZXeCIY+z+aVjIYsNrPzyeTx1JrodY8Sadd6TewW8Dfa52WQSFcBWmVTeD1GWRVUdwXJxwDhJpemE5k8TWCfS2nfHp/CBVuLTvDYUGbxZMx/6Y6RIw/MsKmUYuz7FRjJXMlN2MliGOMMByOCMg/ieK7TxTrmhalp0FjpOlalapZxJbaet3co0dpCMtKVRBzLM53O7EnkgcACs62h+HsJD3ereK7n1W30y3iz/wJ5m/lWjBqPwytplNv4f8TaiO6XeswwbvwhjJ/Wpc09So0ZdFc2dW8T/
23pdnp0WkvZi3it4Wna+mnYpDF5S7VbCRlhgsVGT0z3rfi8SXd4t1bXTWdra3f2cSWscW2NBCipGsYclowFGeOp9M1j2et6NJMj6H8LtMjIPAvri7vgf+Asyqa7nw/rvjVWB0rQtH0BGHSx0uKBT+LFj69q53UjHdm6wtdrSDNnSf7e1a3t45U1W+jQAJ8jmJCF2gjAC8Dpk+/XNdPaeH723Tfd/YrIccXEqgk9S3y5yenXrWTar4nvFMmq664V/vKZjt/JCq1etLXR7dsy33nPjBEQUcfQAmspVY30VxvDVVvoW7pNHt7UefqFzeMQAEgURAkdQWbnGf7uK818T3XiOa+lXwhotrogO5DfKu6cAgAg3D/Oo4J/dgYz3616VNqllbRH7JaJu/vzMAen4k/pXh/wAUvEer3MjxS6g0EBBzHCSitzgZwc/mT/SlF1KjtFWLpQpQd6rbOW8XaXoejaXqP9o6m+r+IbqE7DkkRuSGLEnknGeSecjjvX2L8PgR4C8Pg5yNLtuv/XJfSvgW+liEE6RKMMpyQMc4P5/pX354BAXwNoK+mmWw/wDIS16+Dg4Jpu5x4/ERrTXJGyRuUUUV3HAFFFFAHjv7X3/JID/2E7b/ANCNfJFl0bOeHH86+t/2vf8Akj0n/YRtv/Qq+R7EjY3+8P51x4jc1pls8fhn+dMZj2J/PFPY5z9TUZOAa5Uasidsn5gM/wC7moied4LAjjjinOcmon6GqsCqSjsyT7bdoQEuHUfn/OnDVb8cGUuvcdB+lUZCQ3HpUJZs8GrUF2LWLqx0ua/9ps3+stI2/wCB9f0NL9utHP73TUPvvyf5VkK7gdc0plcelDpo1jmFRdvuNYXOk9H09gc9RK3+NDy6SfuQyKPfeefwJrI89um1T9aBPjjYPoKXszSOYzT1in8jZjbRiPnDg56BZKMaEDyWA+sh/pWN9pP/ADyGfx/xo88n+ED8/wDGn7J9zRZlbVwj9xt40DH3j+Pm/wBKkEnhscFC3187/
GsDzsjofzP+NHmkfwn/AL6NHsvNlLNktqcfuOiFx4bU8WJk+nnf/FVPFf8AhcDDaJI7/wC8R/Ns1y6yEn7o/M08SN/dX+tRKin1f3mn9uTtaMIr5HYReIdHhYGDwzACOhZl/wDiCf1rRtfG08aqtrpFpCB0zIxxz6ACuBWZ+nFWIZXJAGM1lLDQe5LzrEPRWXokekWXjLXZm+/bxqP7sWf1YmtzT9e1GQg3WrMq+iuifyFeXWDMSAzEk9fm4/Kuy8PbVYEIg99gz+fWslQproZyzDEVN5M9D0u9ikO8NPeH1VWcn/gR4P510FpPdEAQaaYQejXM4jH5IGJ/HFYGjsxTn+Z/xro7UgEYC/Urkn8ahq2xlKpKWrZM1vqEsbrcambdQCStlAqZ47s+7P4Bf6185eO53k1a7Qyyuqn5Wdyzde5NfSpP+jOAMfITXy/4uz/a9/n+/ge3etaGrMaj0MCY/u5Tk4Cn/P61+hXggY8F6GPTTrf/ANFrX55z8RSe6Hp9P/rV+h/g5dvhLRlPawgH/kNa9SjucUjWoooroJCiiigDyH9rhd3wenbst/bE/wDfeP618hWnCuPRwK+wP2tf+SNXnte2v/o0V8f2fKN/vLXHiNzWmWmPX6k0xuhp7jr9f60xvumuVbmzK7HmonIx0NSP1qJ+lWjPqV5Dz+FR0+XrUeRWq2IYZpDyOKD96jOKYmrbDSuDik6UrHJyOKSqFcMmgfe79KQnFCnnNAXAd+vWlB7Ug70fxUMaHqRnHNSjpUCdamU9qllD0HOaswcNn0qshFWITz9aiSEjXsPvKfQ12Og9V+tcbYMAcc9a7DQjyv1rBm8D0bR/9WK6K37VzmisBF83pW/bHpXLI36GgXCxOcgDYSfpivlzxNL5uo375z+/b+dfTVzIFtJsYLeWx/IV8va02bm7OMFpScD3rWh8RnU2M2b/AFTk8/If5Gv0S8MKV8NaYp6iziH/AI4K/OyfiN89Nh/
lX6L6CpTQ7BDjK20YOP8AdFepS3OJl6iiiugQUUUUAeS/tZqW+DF8Rj5by1P/AJGUf1r49syPmX/aWvsb9q8f8WV1I+l1aH/yOlfHFkPmb6rXJiEaU9y65GSPc1G33TT5PvN9ajY4FciNyu/WonHFSt1/Co5Dj8qtGb3KsvX8KhBxUsh5H0qLpxW0djNsM+1B60UmadhXEooPWimA1utIrAHHOetK3Wmj72fbFMkcGBzweOKXryKYBjPuc09elDGmOQU9fvGmKcGnBuSeallJkqdqsQHkVXTtU8PWokNbmrZc812GhH5lrjrEjGPeuv0IgMtc7N4Houj58oV0FuenNc7o5zHW/bZOOR0rmlub9CXVJAmm3GWziJsD0yK+YtSOXm/3zX0prrkaPdlSoIgbr3r5p1F8mRjjJbPFaUDKpsU5seU/+4w/Sv0c05dmnWynGViQcfQV+ccoOxvQg/yr9ILYbbaJT2UD9K9SjucZLRRRXQIKKKKAPKv2rAT8EdWI/hntSf8AwIjr45svvv7Mv86+yP2qhn4Ha2fSW1J/8CI6+N7MfPL9Qa5K+5rS3LUvUn/PWopOlSydf8+tRSdK5bWNiu3X8KilOfyqV+v4VFL0rQzZVk4P4VFnJqWUcZ9qixzmtUZMWmnrSjPekPWmAhOKAc0jdaAcCgVwbrTScGjcG5Gaa33vwpjF3D0NPVhjvUdOXpTaAkU5pw70xDjinjvUMESqcGrEJ5qtViHqKiRSNOxI/Wuw0LlxXG2Jx+ddfoRy6ketc7N4noujY8s5z2rftzhR6Vz+jf6vHqBW5EeBjtXNLc3WqI9fk8vRL1gAxFu/X0xXzVcnMJPPJr6L8SNnQdQXPJt3x+VfOU5xbj/eFb4cyraaETH5TX6RoMIo9BX5u8bT6kgfrX6SDpXpUlqzjYUUUVuIKKKKAPL/ANqZS3wL18jHDWpP/gTFXxnZn55Pwr7P/aj/AOSF+Iv+3X/0qir4vsj879egrkr7mlPcuy/e/
CoZOlTTct+FQydK5E7m5Xbr+FRS9Kkc4P4VG/IrUzZVlPGPaohUkv8ASo+laoyYZpjsAe/SnVHKOc+1UgAuCehpNw6c03NIetVYVhUYAd6C2T0NJRTsMUU9elRg4qRPu0mJijrUo71EOtSioY4klTwnBquCCamjPINZyKRp2X9a63Qjh1rj7M9Pc11uhEl1rnkbRZ6No5+VfpW5ESBWDoxwiZ9K2VeuaW5vEpeKn26DejcMmBh9MjvXz1cA+QvI6/y//VXvni2XGgX2FyGhIb6V4PfkDAUEDAwPwrfDmdYrp1H++v6mv0kFfm5bjM8Q/vSJ/Ov0jFenS6nGwooorYQUUUUAeZ/tQ/8AJDPEX/br/wClUVfF9lgGQ+gA/WvtD9qH/khfiL2Fsf8AyZir4vsuVmPsD+tctfc0p7lyb759qhk6VPMDvJ9cVXlOBXFE3Kz/AHvwqJzxUr/e/CopOh+laoze5WlOfyqI9akf+lR1sjJhTJD2pxOKjkOW/CqQDKKD1orQAooooAKcrADHNNooAlQgmpQxAxVeMgHBzU4OazkgQ9Dk5qaLtUMfWpoazZZoWZ6H0rq9BOXX61yVn0A9a6vQGG9frXPM0geiaQf3ansBWypOM5rC0o/uvwrYDfL+Fc0tzoiZHjB1GhXgBIcxHkc14feE7VLMWPqa9t8TMx0i8wxP7ojGK8SvyT1IJ45H0ragZ1RtkpN5APWVB/48BX6Qivzg03Bv7X3uIgP++1r9HxXp0upxsKKKK2EFFFFAHmn7Twz8DPEn+5Af/JiKvi+x+7MP9lf519p/tNf8kO8S56CKE/8AkeOviywOTN7qP51y4g0p7l6Xr+FVZv6VZc5BNVpen4VxxNytIcN+FQuRg/SpZagfofpWqRk9yCQ8fhUW4Z6GpH6fhUB+8frWsTNik5NMc/NT6Y/
3vwq0SNPWiiirKCiiigAooooAVfvCp1qBfvCp1qJAiRetTQ1CvWpYjismWXrPqtdPoZ+cVy1rnctdPoZwwzXPUNInomlN+6ArVVvl/CsXSjuTI9K1d21a5zpitLmb4ibbpV2e3kvn/vnivEZjmBPU4H417R4hbOmXg9IWP6V4rIcQx/ga3oI56z1LOjgnVbBf+nuIf+Pr/jX6OV+c3h8btc030N9CMfWRK/RmvRo9TlCiiitgCiiigDzn9pYZ+CHib/rhH/6Ojr4psOZZMf3R1+tfa/7SYz8EPE4/6d0/9GpXxRY8XLL6gf41y4gunuX5Rjiqsv8ASrk4zkjpiqc3f6VxROh7lWWoH6H6VNMcc1A54NboyZA/QD2qBuCc1M5wR9Kgc5bvxxWsTNhuHoaaxyaWmnrVoAprMFOCDQzBTjBpjnccjNUBIp3CkZgpwc01GCjGD1oILnI4+tFgF8wehpynIzUTAqcHFSR/cFADgcEGpo2BOBmoafEcNUyWgIsr1/CpIutRp978Kki61iyy7bdVrpNGb5xiuatzgrXQ6NneD2zXPV2NInoWkN+7A9a0nf5ehrK0dhsX6VoSMRgDHNc50r4TM8QPjTL33hYD8q8bk/1Ef5V674kc/wBmXQ5z5TH9K8hkP7mIc9Qa6KGxzV9zQ8MAt4k0lR31C3H/AJEX/Cv0Xr86fCXPirRx3/tO2/8ARo/xr9Fq9Cj1OYKKKK2AKKKKAPO/2kefgh4o/wCvVf8A0YlfE2n/ADXGR6D+Vfbf7Ro3fBLxT7WgP5Opr4k03/Xf8BFcuIKhuacv3DVKbpV6QZXj0qjP3rijudTKU/Q1DJ92p5/umoJPuVujF7kElVz1P1qd6gPU/Wtomb3EzSGg9aKtARyff/Cm06T7/wCFNqiQpyMFBBBptFACudxyM0+P7gqOpI/uChjQ6nJ602nx+lSykWY+tSRdaiXjBqWM/NisGUW4Oq/
Wug0g4YfWuftzkj61vaWcPj3rCoaRO+0g5jB9BWjK2MN2ArJ0c/uce1acp/d/hXN1OlbGL4ikJ026x/zxb9a8nfJiQ+hAP5V6rrgZrG5X+9GQK8rk/wBR/wACFdNA5q5q+Ck3eMdCUfxapbD/AMjLX6JCvzx8Bjd438PIOravaKPr5y1+hwruo9TnYUUUVuIKKKKAOA/aIBb4KeKgP+fEn/x4V8RaX80+B/dr7h/aCGfgt4r/AOwe/wDSvh3SSBeEY7f1rmxGxdPc1X4HPpVGbvV2fr+FUZjjNcMTokU5vu1Xf7uKnmPFV3IIroRi3qQyVXJ5P1qxJ938KrE5JrWJnfUOtFFFaDI5Pv8A4U2nSff/AAptMkKKKKACpI/uCo6kj+4KGNDqfF97NMp0bAHB71L2GWRyAKkT79RIwNSr97FYsst23DCt/TvWsC3PzCt/Tjlc+lc9Q0gdtoh/dc1rSviP8KwNHlBQ4yBWjdSkR5zxiubqdCKWpsHR1PdGH6V5TN9zA7vXo2pTbLK4kY9EYD64rzh/uR57jNdNDqc9Y3/hwob4h+GFPfWbP/0clfoSK/Pr4Wjd8TPCo7f2zZ/+j0FfoKK7qPU52FFFFbiCiiigDhfj6pb4MeLAP+gbIfyGa+GtKOb/APAfyr7t+N8TTfB/xciDJGkXDY9hGSf0FfB2nttuwfXj+lc2I2Lp7m1N9/b61Qnq9K2JEPPFUZ+49K4YnRIpTdqrmrEvaq56GuhGEtyJ+n4VWxgkVZY5FV2+8a2iRYSjB7A0U5C3QY/GqYyGUHdn2qNTuFWJ1bPO3pVdRtGDVLYljqKKVVLDjFAAqlhkYqRBhcGkQFRzTqTKClVT1pKen3RSYEkeRznip4uWz61XGccU+GTYwB/CspK4JmhAPmHtW5pjZyucE+tYlmxkbCjp61r6fneHA781yzOiB1WmOUTnPNWp5SYxyazrSRcAlhnHSn3EoP3TzXM3ZnRFFHxHIRpU4BxkAD65rhpGy6+grq/
E8hFmVY9TzXJN94fhXXQWhy1tzr/hDGZPip4UUDpq9sfylU/0Nff3evhP9n21a7+M3heJVztu2lP0SKR/6V92d67aOzMGFFFFbiCiiigDP8Raemr6BqOlSY2XtrLbtn0dCp/nX52S20unXzWk6kPbuY2/AkV+keK+L/2kfBzaN4+vrqCLbFfN9phVejK2SccdQ27j6VzV+nYqG5wcpB2kc8dapz9W+tPs2LWyA5DLwQe1MnHU8VxWs7HRfQozkKRmoGOAR70agSGTaQKaSCvpXQloYyI2Py1A33jUrsM7c89ahJBJx2rWImgp8Q5zkYplSInPIyfUU2IS44Ge2MVWIwfrzVq4HycVWcYI+lOL0ASnxfdP1plPi+6frVMlD6KKKRQU9PuimVIn3aliYqt2weKceceooQcZpcVAIkglkSTKnA9PWtjT9RQybJIwNx496xUznB6Vas5BC3mKVDD16mspxTRvCfKdtA6Rrgr83AwO2eaI3eTO4Drjg81y0uoTbh5ZfBHK4qzFrEcMKpBEWuCeSTn+VcjovodHtUTeKX+WOMMT1zmud5Z+BjHc1Zdru+c7YpJn2mTaq5OOpz6Y98VNcaXcWt81ldsiyrtLbX3AbgDjI4zzz6HNdUI8kTlqNyeh61+yHpLXvxV/tAr8mnWMsuf9psR/yY/ka+xO1eIfsneFzpfhi81+WNlOosI4N3Xy0LZP0LE/9817eeldlFPl1MnuFFFFaiCiiigAFcZ8WPBNv428NmzDiDULcmSyuM48t8YIPB+Ujg12YoqZRUlZhsfn54o0m+0HU5tOvrdrSaF9ro45Q/1B6gjsaxXLHKt1HXB6V9zfEn4daD45tP8ATVa1v41xDewgb1AzhWB+8uSflP4EV8o/Er4ZeKfBE8kmoWBuNNDYjv7VC0ODnG4DmP6H8zXFKjKHobxkmjz+azSbG4kAGj7Ig4zn0qx0Gex5yORj19/
wpCy7cg59D2qeZ7A0inLafL8i+9VPJCcHAPU81ol5M4Bx9Kp3EQYknrWkZPqQ9iCQKnHU+xqOORgMADGaGUqCu1jTF+UHvz2rZIkkmbeMD9aiKMfSnKwYZAI5706ntoKxHsb2pyAqCD604cnGQPrSlSPSi4xKKDxQDxQAo6U5T270igt0oQHO6oYmSqccUFlAJJ+71/T/ABpAOeoz6VYBX7I+U/erKoRh6Y5/nSHFXIwCGPB61es4CJFLSLHuIAZwdq/UgVDbxkKcjBJrRsZpYNStrmLyA8QZlaaNZEPGMFSOayk76GiRJbrbjUlhuR9ttkOWWGfyxL7qxGR+XNOsZtKivZ5L/S57635EMH2wxYIb+JwpJwOOBUVtc2yzSPPbwyiRSCpUqEP95cD15xUixWbPFFZrd3ty+BsEJG5uwVR8x/AVGxaRFfXPn6jNcW1vHYpIGVIYGIVVxgLjqcjGT/8Aqrvfgv8ADq+8da9tUSxaRbuDe3XTjJ3Rqe7sDzjgc854rsvhf8AtV1mRNS8Xq+j6ceRYp/x8zYPRjjMa+3X6V9MaHpOnaLpkOm6VaQ2dpCMRxRLhR3P1JPJPet4UubVmcp22LGnWltp9hb2FnEsNvbxrFFGvRVUYA/IVZoorrMgooooAKKKKACiiigAqKeKOaJ4pY1eN1KsjDIYHqCO4qWigDxrx1+z34O16WW60h5vD91IdxFsge3J5yfKOMZ44UgcdK8Y8X/AT4gaGxksbSDXrbqHspMSL14Mb4Pb+HPWvsykzWUqMWUpM/OPU7K/0u6e11KyubG4Q7XiuIWjZT7giqTBmbK89q/R7U9O0/VLU2upWNrewHkxXEKyIfwYEV5/4g+Bfwz1gMT4fFjIxzvspnix9FB2j8qydBrYfMmfDrKWPO3j3qGS3I5VcfWvrLVv2XvD0zE6X4o1e07gXMUVxj9FNclqf7LniVHY6b4k0e6X+E3MMkJ/QPihQkhaHzoYmTjb154pAD/dIr229/
Zx+JNucQw6LdD1hvSP/AENRWLqXwO+J+nwmaXwtJOobH+jXMUrf98hs4/CneXVDsjyvA3ZbNP4/hBxXol18H/iVBF5sngvU2XGf3flucfRWJ/DrTYfhD8SZIPOXwTqwT0YIrf8AfJbP6UXYmjz0YxyDTgFP19K7y0+E/wARbqVoovBOtKy9TLCIwfoWIBq/ZfBX4mXEzRR+D7pGHUzTRRr+ZYA0rgkebJwSNrfWpEidsgL07kjmvWLb4B/FGS4Eb+HbeFSP9Y9/DtH/AHyxP6Vv2P7Nnj6VVNxqHh+2GejXMrlR7AR4/Wk+Z7IdkeHR22QNxyKuxWm8KFj4ByuOc19H6Z+zCV2nUfGsmONyWtgFP4MzH+VdfpX7O3w9tZA96NW1U8Ei6u8KfwjC0vZ1GNSSPkZ4oEbbJKAT23DOfpXQ+GfAPinxNIB4f8MaheI3ym5dPKiH/A3wv5E19oeHfh74I8PBf7I8MaXbOpyshgDyA/77Zb9a6iqjh+7Bz7HzF4R/Zp1KZkm8Ua3b2kYwTb2IMrsPQu2APwBr27wP8O/CPgyMHQ9IhS55zdSjzJz1/jPQc4wMCuvorWNKMSXJsKKKK1JCiiigAooooAKKKKACiiigAooooAKKKKACiiigAooooAKKKKACiiigAooooAKKKKACiiigAooooAKKKKACiiigAooooAKKKKAP/9k=</imagedata>
      </imageembedded>
    </bottlelabel>
    <notes>A cool wet spring gave way to a bafulous warm dry summer, allowing us to pick beautiful clean grapes at exactly optimum ripeness, producing a very elegant, ripe and concentrated wine.</notes>
  </vintage>
  <winetype>
    <winetype>Red wine</winetype>
  </winetype>
  <origin>
    <country>
      <countrycode>NZL</countrycode>
      <name>New Zealand</name>
    </country>
    <geographicregion>North Island</geographicregion>
    <wineregion>Waiheke Island</wineregion>
  </origin>
  <producer>
    <name>Goldwater Estate</name>
    <address>
      <street1/>
      <street2/>
      <street3/>
      <postalcode/>
      <city>Waihiki Island</city>
      <state/>
      <country>
        <countrycode>NZL</countrycode>
        <name>New Zealand</name>
      </country>
    </address>
    <communication>
      <telephone/>
      <faxsimile/>
      <email/>
      <website/>
    </communication>
    <contact>
      <name/>
      <communication>
        <telephone/>
        <faxsimile/>
        <email/>
      </communication>
    </contact>
    <refcode>None</refcode>
  </producer>
  <notes>This wine is made from grapes grown in the Goldwater Estate Waiheke Island vineyard and is from speically selected clones of Merlot privatly imported from France.  The vines are all grafted on to low vigour high quality rootstocks and trellised to the VSP system.  All the newer plantings are close spaced with low fruiting wires and are cropped very lightly.</notes>
  <generator>
    <genname>The Wine Cellar Book - version 2.0.28.1</genname>
    <email>support@thewinecellarbook.com</email>
    <gentype>Cellar Book Software</gentype>
    <gendatetime>2006-04-22T15:30:00</gendatetime>
    <xmlschema>vinoxml.xsd</xmlschema>
    <xmlschemaversion>1.0</xmlschemaversion>
  </generator>
</wine>
